#! /opt/homebrew/Cellar/icarus-verilog/13.0/bin/vvp
:ivl_version "13.0 (stable)" "(v13_0)";
:ivl_delay_selection "TYPICAL";
:vpi_time_precision - 12;
:vpi_module "/opt/homebrew/Cellar/icarus-verilog/13.0/lib/ivl/system.vpi";
:vpi_module "/opt/homebrew/Cellar/icarus-verilog/13.0/lib/ivl/vhdl_sys.vpi";
:vpi_module "/opt/homebrew/Cellar/icarus-verilog/13.0/lib/ivl/vhdl_textio.vpi";
:vpi_module "/opt/homebrew/Cellar/icarus-verilog/13.0/lib/ivl/v2005_math.vpi";
:vpi_module "/opt/homebrew/Cellar/icarus-verilog/13.0/lib/ivl/va_math.vpi";
:vpi_module "/opt/homebrew/Cellar/icarus-verilog/13.0/lib/ivl/v2009.vpi";
S_0x102e994e0 .scope package, "$unit" "$unit" 2 1;
 .timescale 0 0;
S_0x102e91380 .scope module, "tb_mac" "tb_mac" 3 13;
 .timescale -9 -12;
P_0x102e99660 .param/l "ACC_WIDTH" 1 3 16, +C4<00000000000000000000000000100000>;
P_0x102e996a0 .param/l "DATA_WIDTH" 1 3 15, +C4<00000000000000000000000000001000>;
v0x8e505c140_0 .var/s "a", 7 0;
v0x8e505c1e0_0 .net/s "acc", 31 0, v0x102e9a010_0;  1 drivers
v0x8e505c280_0 .var/s "b", 7 0;
v0x8e505c320_0 .var "clear", 0 0;
v0x8e505c3c0_0 .var "clk", 0 0;
v0x8e505c460_0 .var "en", 0 0;
v0x8e505c500_0 .var/i "errors", 31 0;
v0x8e505c5a0_0 .var "rst", 0 0;
v0x8e505c640_0 .var/i "test_num", 31 0;
E_0x8e5018380 .event negedge, v0x102e9a1f0_0;
S_0x102e91500 .scope task, "check" "check" 3 37, 3 37 0, S_0x102e91380;
 .timescale -9 -12;
v0x102e98690_0 .var/s "expected", 31 0;
v0x102e8cb70_0 .var "name", 127 0;
TD_tb_mac.check ;
    %load/vec4 v0x8e505c640_0;
    %addi 1, 0, 32;
    %store/vec4 v0x8e505c640_0, 0, 32;
    %load/vec4 v0x8e505c1e0_0;
    %load/vec4 v0x102e98690_0;
    %cmp/ne;
    %jmp/0xz  T_0.0, 6;
    %vpi_call/w 3 41 "$display", "[FAIL] Test %0d (%0s): expected=%0d got=%0d", v0x8e505c640_0, v0x102e8cb70_0, v0x102e98690_0, v0x8e505c1e0_0 {0 0 0};
    %load/vec4 v0x8e505c500_0;
    %addi 1, 0, 32;
    %store/vec4 v0x8e505c500_0, 0, 32;
    %jmp T_0.1;
T_0.0 ;
    %vpi_call/w 3 45 "$display", "[PASS] Test %0d (%0s): acc=%0d", v0x8e505c640_0, v0x102e8cb70_0, v0x8e505c1e0_0 {0 0 0};
T_0.1 ;
    %end;
S_0x102e8cc10 .scope module, "dut" "mac" 3 29, 4 18 0, S_0x102e91380;
 .timescale 0 0;
    .port_info 0 /INPUT 1 "clk";
    .port_info 1 /INPUT 1 "rst";
    .port_info 2 /INPUT 1 "en";
    .port_info 3 /INPUT 1 "clear";
    .port_info 4 /INPUT 8 "a";
    .port_info 5 /INPUT 8 "b";
    .port_info 6 /OUTPUT 32 "acc";
P_0x102e98730 .param/l "ACC_WIDTH" 0 4 20, +C4<00000000000000000000000000100000>;
P_0x102e98770 .param/l "DATA_WIDTH" 0 4 19, +C4<00000000000000000000000000001000>;
v0x102e9ab20_0 .net/s *"_ivl_0", 15 0, L_0x8e5034000;  1 drivers
v0x102e9abc0_0 .net/s *"_ivl_2", 15 0, L_0x8e50340a0;  1 drivers
v0x102e99f70_0 .net/s "a", 7 0, v0x8e505c140_0;  1 drivers
v0x102e9a010_0 .var/s "acc", 31 0;
v0x102e9a0b0_0 .net/s "b", 7 0, v0x8e505c280_0;  1 drivers
v0x102e9a150_0 .net "clear", 0 0, v0x8e505c320_0;  1 drivers
v0x102e9a1f0_0 .net "clk", 0 0, v0x8e505c3c0_0;  1 drivers
v0x102e9a290_0 .net "en", 0 0, v0x8e505c460_0;  1 drivers
v0x8e505c000_0 .net/s "product", 15 0, L_0x8e4c64000;  1 drivers
v0x8e505c0a0_0 .net "rst", 0 0, v0x8e505c5a0_0;  1 drivers
E_0x8e50183c0 .event posedge, v0x8e505c0a0_0, v0x102e9a1f0_0;
L_0x8e5034000 .extend/s 16, v0x8e505c140_0;
L_0x8e50340a0 .extend/s 16, v0x8e505c280_0;
L_0x8e4c64000 .arith/mult 16, L_0x8e5034000, L_0x8e50340a0;
    .scope S_0x102e8cc10;
T_1 ;
    %wait E_0x8e50183c0;
    %load/vec4 v0x8e505c0a0_0;
    %flag_set/vec4 8;
    %jmp/0xz  T_1.0, 8;
    %pushi/vec4 0, 0, 32;
    %assign/vec4 v0x102e9a010_0, 0;
    %jmp T_1.1;
T_1.0 ;
    %load/vec4 v0x102e9a290_0;
    %flag_set/vec4 8;
    %jmp/0xz  T_1.2, 8;
    %load/vec4 v0x102e9a150_0;
    %flag_set/vec4 8;
    %jmp/0xz  T_1.4, 8;
    %load/vec4 v0x8e505c000_0;
    %parti/s 1, 15, 5;
    %replicate 16;
    %load/vec4 v0x8e505c000_0;
    %concat/vec4; draw_concat_vec4
    %assign/vec4 v0x102e9a010_0, 0;
    %jmp T_1.5;
T_1.4 ;
    %load/vec4 v0x102e9a010_0;
    %load/vec4 v0x8e505c000_0;
    %parti/s 1, 15, 5;
    %replicate 16;
    %load/vec4 v0x8e505c000_0;
    %concat/vec4; draw_concat_vec4
    %add;
    %assign/vec4 v0x102e9a010_0, 0;
T_1.5 ;
T_1.2 ;
T_1.1 ;
    %jmp T_1;
    .thread T_1;
    .scope S_0x102e91380;
T_2 ;
    %pushi/vec4 0, 0, 32;
    %store/vec4 v0x8e505c500_0, 0, 32;
    %pushi/vec4 0, 0, 32;
    %store/vec4 v0x8e505c640_0, 0, 32;
    %end;
    .thread T_2, $init;
    .scope S_0x102e91380;
T_3 ;
    %delay 5000, 0;
    %load/vec4 v0x8e505c3c0_0;
    %inv;
    %store/vec4 v0x8e505c3c0_0, 0, 1;
    %jmp T_3;
    .thread T_3;
    .scope S_0x102e91380;
T_4 ;
    %vpi_call/w 3 51 "$dumpfile", "tb_mac.vcd" {0 0 0};
    %vpi_call/w 3 52 "$dumpvars", 32'sb00000000000000000000000000000000, S_0x102e91380 {0 0 0};
    %pushi/vec4 0, 0, 1;
    %store/vec4 v0x8e505c3c0_0, 0, 1;
    %pushi/vec4 1, 0, 1;
    %store/vec4 v0x8e505c5a0_0, 0, 1;
    %pushi/vec4 0, 0, 1;
    %store/vec4 v0x8e505c460_0, 0, 1;
    %pushi/vec4 0, 0, 1;
    %store/vec4 v0x8e505c320_0, 0, 1;
    %pushi/vec4 0, 0, 8;
    %store/vec4 v0x8e505c140_0, 0, 8;
    %pushi/vec4 0, 0, 8;
    %store/vec4 v0x8e505c280_0, 0, 8;
    %wait E_0x8e5018380;
    %wait E_0x8e5018380;
    %pushi/vec4 0, 0, 32;
    %store/vec4 v0x102e98690_0, 0, 32;
    %pushi/vec4 0, 0, 32; draw_string_vec4
    %pushi/vec4 0, 0, 32; draw_string_vec4
    %concat/vec4; draw_string_vec4
    %pushi/vec4 114, 0, 32; draw_string_vec4
    %concat/vec4; draw_string_vec4
    %pushi/vec4 1702061428, 0, 32; draw_string_vec4
    %concat/vec4; draw_string_vec4
    %store/vec4 v0x102e8cb70_0, 0, 128;
    %fork TD_tb_mac.check, S_0x102e91500;
    %join;
    %pushi/vec4 0, 0, 1;
    %store/vec4 v0x8e505c5a0_0, 0, 1;
    %pushi/vec4 3, 0, 8;
    %store/vec4 v0x8e505c140_0, 0, 8;
    %pushi/vec4 4, 0, 8;
    %store/vec4 v0x8e505c280_0, 0, 8;
    %pushi/vec4 1, 0, 1;
    %store/vec4 v0x8e505c460_0, 0, 1;
    %pushi/vec4 1, 0, 1;
    %store/vec4 v0x8e505c320_0, 0, 1;
    %wait E_0x8e5018380;
    %pushi/vec4 0, 0, 1;
    %store/vec4 v0x8e505c320_0, 0, 1;
    %pushi/vec4 12, 0, 32;
    %store/vec4 v0x102e98690_0, 0, 32;
    %pushi/vec4 25452, 0, 32; draw_string_vec4
    %pushi/vec4 1700885037, 0, 32; draw_string_vec4
    %concat/vec4; draw_string_vec4
    %pushi/vec4 1819238756, 0, 32; draw_string_vec4
    %concat/vec4; draw_string_vec4
    %pushi/vec4 540224052, 0, 32; draw_string_vec4
    %concat/vec4; draw_string_vec4
    %store/vec4 v0x102e8cb70_0, 0, 128;
    %fork TD_tb_mac.check, S_0x102e91500;
    %join;
    %wait E_0x8e5018380;
    %pushi/vec4 24, 0, 32;
    %store/vec4 v0x102e98690_0, 0, 32;
    %pushi/vec4 24931, 0, 32; draw_string_vec4
    %pushi/vec4 1668640117, 0, 32; draw_string_vec4
    %concat/vec4; draw_string_vec4
    %pushi/vec4 1818326117, 0, 32; draw_string_vec4
    %concat/vec4; draw_string_vec4
    %pushi/vec4 539701554, 0, 32; draw_string_vec4
    %concat/vec4; draw_string_vec4
    %store/vec4 v0x102e8cb70_0, 0, 128;
    %fork TD_tb_mac.check, S_0x102e91500;
    %join;
    %pushi/vec4 251, 0, 8;
    %store/vec4 v0x8e505c140_0, 0, 8;
    %pushi/vec4 6, 0, 8;
    %store/vec4 v0x8e505c280_0, 0, 8;
    %wait E_0x8e5018380;
    %pushi/vec4 4294967290, 0, 32;
    %store/vec4 v0x102e98690_0, 0, 32;
    %pushi/vec4 3940215512, 0, 33;
    %concati/vec4 3270036032, 0, 32;
    %concati/vec4 3704278722, 0, 32;
    %concati/vec4 1953068645, 0, 31;
    %store/vec4 v0x102e8cb70_0, 0, 128;
    %fork TD_tb_mac.check, S_0x102e91500;
    %join;
    %pushi/vec4 0, 0, 1;
    %store/vec4 v0x8e505c460_0, 0, 1;
    %pushi/vec4 127, 0, 8;
    %store/vec4 v0x8e505c140_0, 0, 8;
    %pushi/vec4 127, 0, 8;
    %store/vec4 v0x8e505c280_0, 0, 8;
    %wait E_0x8e5018380;
    %pushi/vec4 4294967290, 0, 32;
    %store/vec4 v0x102e98690_0, 0, 32;
    %pushi/vec4 0, 0, 32; draw_string_vec4
    %pushi/vec4 1752132708, 0, 32; draw_string_vec4
    %concat/vec4; draw_string_vec4
    %pushi/vec4 544173600, 0, 32; draw_string_vec4
    %concat/vec4; draw_string_vec4
    %pushi/vec4 1701723440, 0, 32; draw_string_vec4
    %concat/vec4; draw_string_vec4
    %store/vec4 v0x102e8cb70_0, 0, 128;
    %fork TD_tb_mac.check, S_0x102e91500;
    %join;
    %pushi/vec4 1, 0, 1;
    %store/vec4 v0x8e505c460_0, 0, 1;
    %pushi/vec4 1, 0, 1;
    %store/vec4 v0x8e505c320_0, 0, 1;
    %pushi/vec4 255, 0, 8;
    %store/vec4 v0x8e505c140_0, 0, 8;
    %pushi/vec4 255, 0, 8;
    %store/vec4 v0x8e505c280_0, 0, 8;
    %wait E_0x8e5018380;
    %pushi/vec4 0, 0, 1;
    %store/vec4 v0x8e505c320_0, 0, 1;
    %pushi/vec4 1, 0, 32;
    %store/vec4 v0x102e98690_0, 0, 32;
    %pushi/vec4 3403210434, 0, 33;
    %concati/vec4 3359687372, 0, 32;
    %concati/vec4 3905610816, 0, 32;
    %concati/vec4 1752132708, 0, 31;
    %store/vec4 v0x102e8cb70_0, 0, 128;
    %fork TD_tb_mac.check, S_0x102e91500;
    %join;
    %pushi/vec4 1, 0, 1;
    %store/vec4 v0x8e505c320_0, 0, 1;
    %pushi/vec4 128, 0, 8;
    %store/vec4 v0x8e505c140_0, 0, 8;
    %pushi/vec4 127, 0, 8;
    %store/vec4 v0x8e505c280_0, 0, 8;
    %wait E_0x8e5018380;
    %pushi/vec4 0, 0, 1;
    %store/vec4 v0x8e505c320_0, 0, 1;
    %pushi/vec4 4294951040, 0, 32;
    %store/vec4 v0x102e98690_0, 0, 32;
    %pushi/vec4 3268336850, 0, 33;
    %concati/vec4 3907700938, 0, 32;
    %concati/vec4 2176960957, 0, 33;
    %concati/vec4 611672948, 0, 30;
    %store/vec4 v0x102e8cb70_0, 0, 128;
    %fork TD_tb_mac.check, S_0x102e91500;
    %join;
    %wait E_0x8e5018380;
    %pushi/vec4 1, 0, 1;
    %store/vec4 v0x8e505c5a0_0, 0, 1;
    %wait E_0x8e5018380;
    %pushi/vec4 0, 0, 32;
    %store/vec4 v0x102e98690_0, 0, 32;
    %pushi/vec4 4074554944, 0, 33;
    %concati/vec4 3838502602, 0, 32;
    %concati/vec4 3896564434, 0, 32;
    %concati/vec4 1680699248, 0, 31;
    %store/vec4 v0x102e8cb70_0, 0, 128;
    %fork TD_tb_mac.check, S_0x102e91500;
    %join;
    %vpi_call/w 3 100 "$display", "----------------------------------------" {0 0 0};
    %load/vec4 v0x8e505c500_0;
    %cmpi/e 0, 0, 32;
    %jmp/0xz  T_4.0, 4;
    %vpi_call/w 3 102 "$display", "ALL %0d TESTS PASSED", v0x8e505c640_0 {0 0 0};
    %jmp T_4.1;
T_4.0 ;
    %vpi_call/w 3 104 "$display", "%0d/%0d TESTS FAILED", v0x8e505c500_0, v0x8e505c640_0 {0 0 0};
T_4.1 ;
    %vpi_call/w 3 105 "$display", "----------------------------------------" {0 0 0};
    %vpi_call/w 3 107 "$finish" {0 0 0};
    %end;
    .thread T_4;
# The file index is used to find the file name in the following table.
:file_names 5;
    "N/A";
    "<interactive>";
    "-";
    "tb/tb_mac.sv";
    "rtl/mac.v";
